<?xml version="1.0" encoding="UTF-8"?>
<!-- Generated by org.testng.reporters.JUnitXMLReporter -->
<testsuite hostname="LAPTOP-S8AHQPON" ignored="4" name="Test" tests="4" failures="0" timestamp="20 Sep 2019 16:29:08 GMT" time="0.15" errors="0">
  <testcase name="createuser" time="0.011" classname="testNGpjt2.Test9"/>
  <testcase name="Edituser" time="0.003" classname="testNGpjt2.Test6"/>
  <testcase name="Deleteuser" time="0.002" classname="testNGpjt.Test5"/>
  <testcase name="Deleteuser" time="0.003" classname="testNGpjt.Test5"/>
  <testcase name="@AfterSuite CloseAUT" time="0.0" classname="testNGpjt.Test5">
    <ignored/>
  </testcase> <!-- @AfterSuite CloseAUT -->
  <testcase name="@BeforeTest deletescookies" time="0.0" classname="testNGpjt.Test5">
    <ignored/>
  </testcase> <!-- @BeforeTest deletescookies -->
  <testcase name="@BeforeSuite OpenAUT" time="0.0" classname="testNGpjt.Test5">
    <ignored/>
  </testcase> <!-- @BeforeSuite OpenAUT -->
  <testcase name="@AfterTest closeDBConnection" time="0.0" classname="testNGpjt.Test5">
    <ignored/>
  </testcase> <!-- @AfterTest closeDBConnection -->
</testsuite> <!-- Test -->
